Arguments: 
  C:\Program Files\nodejs\node.exe C:\Users\Administrator\AppData\Roaming\npm\node_modules\yarn\bin\yarn.js add @element-plus/icons

PATH: 
  C:\Windows\system32;C:\Windows;C:\Windows\System32\Wbem;C:\Windows\System32\WindowsPowerShell\v1.0\;C:\Windows\System32\OpenSSH\;C:\Program Files\Git\cmd;C:\Program Files\nodejs\;C:\Users\Administrator\AppData\Local\Microsoft\WindowsApps;C:\Users\Administrator\AppData\Roaming\npm

Yarn version: 
  1.22.19

Node version: 
  16.17.0

Platform: 
  win32 x64

Trace: 
  Error: EPERM: operation not permitted, unlink 'D:\vite+ts+element-plus\element-plus-admin-master\node_modules\esbuild-windows-64\esbuild.exe'

npm manifest: 
  {
    "author": "hsianglee",
    "name": "element-plus-admin",
    "version": "0.0.0",
    "scripts": {
      "dev": "vite",
      "build": "vuedx-typecheck . && vite build",
      "preview": "vite preview",
      "test": "jest ./test",
      "eslint": "npx eslint . --ext .js,.jsx,.ts,.tsx --fix",
      "stylelint": "npx stylelint **/*.{css,vue} --fix"
    },
    "dependencies": {
      "echarts": "^5.3.3",
      "element-plus": "^2.0.2",
      "moment": "^2.29.4",
      "vue": "^3.2.31"
    },
    "license": "MIT",
    "repository": "https://github.com/hsiangleev/element-plus-admin",
    "devDependencies": {
      "@babel/preset-env": "^7.12.11",
      "@element-plus/icons-vue": "^0.2.7",
      "@testing-library/jest-dom": "^5.11.8",
      "@types/jest": "^26.0.20",
      "@types/mockjs": "^1.0.3",
      "@types/node": "^14.14.20",
      "@types/nprogress": "^0.2.0",
      "@types/pinyin": "^2.8.2",
      "@typescript-eslint/eslint-plugin": "^5.12.1",
      "@typescript-eslint/parser": "^5.12.1",
      "@vitejs/plugin-vue": "^2.2.2",
      "@vue/compiler-sfc": "^3.2.31",
      "@vue/test-utils": "^2.0.0-beta.13",
      "@vuedx/typecheck": "^0.7.4",
      "@vuedx/typescript-plugin-vue": "^0.7.4",
      "autoprefixer": "^10.1.0",
      "axios": "^0.21.1",
      "babel-jest": "^26.6.3",
      "eslint": "^8.9.0",
      "eslint-plugin-vue": "^8.4.1",
      "fuse.js": "^6.4.6",
      "jest": "^26.6.3",
      "jsencrypt": "^3.1.0",
      "mockjs": "^1.1.0",
      "nprogress": "^0.2.0",
      "pinia": "^2.0.11",
      "pinyin": "^2.10.2",
      "postcss": "^8.4.6",
      "postcss-import": "^14.0.2",
      "postcss-simple-vars": "^6.0.3",
      "screenfull": "^5.1.0",
      "stylelint": "^13.8.0",
      "stylelint-config-standard": "^20.0.0",
      "tailwindcss": "^3.0.23",
      "ts-jest": "^26.4.4",
      "tslint": "^6.1.3",
      "typescript": "^4.5.5",
      "vite": "^2.8.4",
      "vite-plugin-mock": "^2.6.3",
      "vite-plugin-svg-icons": "^0.7.0",
      "vue-eslint-parser": "^8.2.0",
      "vue-jest": "^5.0.0-alpha.7",
      "vue-router": "^4.0.12"
    },
    "browserslist": [
      "> 1%",
      "last 2 versions",
      "not ie <= 10"
    ],
    "eslintIgnore": [
      "node_modules",
      "dist"
    ]
  }

yarn manifest: 
  No manifest

Lockfile: 
  No lockfile
